# JRE version: OpenJDK Runtime Environment Temurin-21.0.3+9 (21.0.3+9) (build 21.0.3+9-LTS)
# Java VM: OpenJDK 64-Bit Server VM Temurin-21.0.3+9 (21.0.3+9-LTS, mixed mode, sharing, tiered, compressed oops, compressed class ptrs, g1 gc, windows-amd64)
GC Precious Log:
 CardTable entry size: 512
 Card Set container configuration: InlinePtr #cards 5 size 8 Array Of Cards #cards 12 size 40 Howl #buckets 4 coarsen threshold 1843 Howl Bitmap #cards 512 size 80 coarsen threshold 460 Card regions per heap region 1 cards per card region 2048
 CPUs: 4 total, 4 available
 Memory: 8072M
 Large Page Support: Disabled
 NUMA Support: Disabled
 Compressed Oops: Enabled (32-bit)
 Heap Region Size: 1M
 Heap Min Capacity: 8M
 Heap Initial Capacity: 128M
 Heap Max Capacity: 2020M
 Pre-touch: Disabled
 Parallel Workers: 4
 Concurrent Workers: 1
 Concurrent Refinement Workers: 4
 Periodic GC: Disabled
Heap:
 garbage-first heap   total 55296K, used 19426K [0x0000000081c00000, 0x0000000100000000)
  region size 1024K, 2 young (2048K), 0 survivors (0K)
 Metaspace       used 17043K, committed 17408K, reserved 1114112K
  class space    used 2554K, committed 2752K, reserved 1048576K
GC Heap History (20 events):
Event: 3.799 GC heap before
{Heap before GC invocations=9 (full 3):
 garbage-first heap   total 30720K, used 22920K [0x0000000081c00000, 0x0000000100000000)
  region size 1024K, 11 young (11264K), 1 survivors (1024K)
 Metaspace       used 10057K, committed 10432K, reserved 1114112K
  class space    used 1176K, committed 1344K, reserved 1048576K
}
Event: 3.803 GC heap after
{Heap after GC invocations=10 (full 3):
 garbage-first heap   total 30720K, used 13090K [0x0000000081c00000, 0x0000000100000000)
  region size 1024K, 2 young (2048K), 2 survivors (2048K)
 Metaspace       used 10057K, committed 10432K, reserved 1114112K
  class space    used 1176K, committed 1344K, reserved 1048576K
}
Event: 4.231 GC heap before
{Heap before GC invocations=11 (full 3):
 garbage-first heap   total 30720K, used 23330K [0x0000000081c00000, 0x0000000100000000)
  region size 1024K, 12 young (12288K), 2 survivors (2048K)
 Metaspace       used 10983K, committed 11328K, reserved 1114112K
  class space    used 1395K, committed 1536K, reserved 1048576K
}
Event: 4.235 GC heap after
{Heap after GC invocations=12 (full 3):
 garbage-first heap   total 30720K, used 13811K [0x0000000081c00000, 0x0000000100000000)
  region size 1024K, 2 young (2048K), 2 survivors (2048K)
 Metaspace       used 10983K, committed 11328K, reserved 1114112K
  class space    used 1395K, committed 1536K, reserved 1048576K
}
Event: 4.461 GC heap before
{Heap before GC invocations=12 (full 3):
 garbage-first heap   total 30720K, used 24051K [0x0000000081c00000, 0x0000000100000000)
  region size 1024K, 12 young (12288K), 2 survivors (2048K)
 Metaspace       used 11491K, committed 11776K, reserved 1114112K
  class space    used 1488K, committed 1600K, reserved 1048576K
}
Event: 4.464 GC heap after
{Heap after GC invocations=13 (full 3):
 garbage-first heap   total 30720K, used 14278K [0x0000000081c00000, 0x0000000100000000)
  region size 1024K, 2 young (2048K), 2 survivors (2048K)
 Metaspace       used 11491K, committed 11776K, reserved 1114112K
  class space    used 1488K, committed 1600K, reserved 1048576K
}
Event: 4.664 GC heap before
{Heap before GC invocations=13 (full 3):
 garbage-first heap   total 30720K, used 25542K [0x0000000081c00000, 0x0000000100000000)
  region size 1024K, 13 young (13312K), 2 survivors (2048K)
 Metaspace       used 12181K, committed 12480K, reserved 1114112K
  class space    used 1621K, committed 1792K, reserved 1048576K
}
Event: 4.666 GC heap after
{Heap after GC invocations=14 (full 3):
 garbage-first heap   total 30720K, used 14935K [0x0000000081c00000, 0x0000000100000000)
  region size 1024K, 2 young (2048K), 2 survivors (2048K)
 Metaspace       used 12181K, committed 12480K, reserved 1114112K
  class space    used 1621K, committed 1792K, reserved 1048576K
}
Event: 4.982 GC heap before
{Heap before GC invocations=14 (full 3):
 garbage-first heap   total 30720K, used 25175K [0x0000000081c00000, 0x0000000100000000)
  region size 1024K, 12 young (12288K), 2 survivors (2048K)
 Metaspace       used 12653K, committed 12992K, reserved 1114112K
  class space    used 1711K, committed 1856K, reserved 1048576K
}
Event: 4.985 GC heap after
{Heap after GC invocations=15 (full 3):
 garbage-first heap   total 30720K, used 15655K [0x0000000081c00000, 0x0000000100000000)
  region size 1024K, 2 young (2048K), 2 survivors (2048K)
 Metaspace       used 12653K, committed 12992K, reserved 1114112K
  class space    used 1711K, committed 1856K, reserved 1048576K
}
Event: 5.319 GC heap before
{Heap before GC invocations=16 (full 3):
 garbage-first heap   total 30720K, used 25895K [0x0000000081c00000, 0x0000000100000000)
  region size 1024K, 12 young (12288K), 2 survivors (2048K)
 Metaspace       used 13037K, committed 13376K, reserved 1114112K
  class space    used 1823K, committed 1984K, reserved 1048576K
}
Event: 5.327 GC heap after
{Heap after GC invocations=17 (full 3):
 garbage-first heap   total 80896K, used 16163K [0x0000000081c00000, 0x0000000100000000)
  region size 1024K, 2 young (2048K), 2 survivors (2048K)
 Metaspace       used 13037K, committed 13376K, reserved 1114112K
  class space    used 1823K, committed 1984K, reserved 1048576K
}
Event: 5.700 GC heap before
{Heap before GC invocations=17 (full 3):
 garbage-first heap   total 80896K, used 37667K [0x0000000081c00000, 0x0000000100000000)
  region size 1024K, 24 young (24576K), 2 survivors (2048K)
 Metaspace       used 14122K, committed 14400K, reserved 1114112K
  class space    used 2052K, committed 2176K, reserved 1048576K
}
Event: 5.734 GC heap after
{Heap after GC invocations=18 (full 4):
 garbage-first heap   total 55296K, used 15251K [0x0000000081c00000, 0x0000000100000000)
  region size 1024K, 0 young (0K), 0 survivors (0K)
 Metaspace       used 14122K, committed 14400K, reserved 1114112K
  class space    used 2052K, committed 2176K, reserved 1048576K
}
Event: 6.251 GC heap before
{Heap before GC invocations=18 (full 4):
 garbage-first heap   total 55296K, used 35731K [0x0000000081c00000, 0x0000000100000000)
  region size 1024K, 21 young (21504K), 0 survivors (0K)
 Metaspace       used 15224K, committed 15488K, reserved 1114112K
  class space    used 2256K, committed 2368K, reserved 1048576K
}
Event: 6.278 GC heap after
{Heap after GC invocations=19 (full 5):
 garbage-first heap   total 55296K, used 16842K [0x0000000081c00000, 0x0000000100000000)
  region size 1024K, 0 young (0K), 0 survivors (0K)
 Metaspace       used 15224K, committed 15488K, reserved 1114112K
  class space    used 2256K, committed 2368K, reserved 1048576K
}
Event: 6.726 GC heap before
{Heap before GC invocations=19 (full 5):
 garbage-first heap   total 55296K, used 32202K [0x0000000081c00000, 0x0000000100000000)
  region size 1024K, 16 young (16384K), 0 survivors (0K)
 Metaspace       used 16330K, committed 16576K, reserved 1114112K
  class space    used 2460K, committed 2560K, reserved 1048576K
}
Event: 6.758 GC heap after
{Heap after GC invocations=20 (full 6):
 garbage-first heap   total 55296K, used 17838K [0x0000000081c00000, 0x0000000100000000)
  region size 1024K, 0 young (0K), 0 survivors (0K)
 Metaspace       used 16330K, committed 16576K, reserved 1114112K
  class space    used 2460K, committed 2560K, reserved 1048576K
}
Event: 6.969 GC heap before
{Heap before GC invocations=20 (full 6):
 garbage-first heap   total 55296K, used 25006K [0x0000000081c00000, 0x0000000100000000)
  region size 1024K, 8 young (8192K), 0 survivors (0K)
 Metaspace       used 16907K, committed 17216K, reserved 1114112K
  class space    used 2534K, committed 2688K, reserved 1048576K
}
Event: 7.005 GC heap after
{Heap after GC invocations=21 (full 7):
 garbage-first heap   total 55296K, used 18402K [0x0000000081c00000, 0x0000000100000000)
  region size 1024K, 0 young (0K), 0 survivors (0K)
 Metaspace       used 16907K, committed 17216K, reserved 1114112K
  class space    used 2534K, committed 2688K, reserved 1048576K
}

