# JRE version: OpenJDK Runtime Environment Temurin-21.0.3+9 (21.0.3+9) (build 21.0.3+9-LTS)
# Java VM: OpenJDK 64-Bit Server VM Temurin-21.0.3+9 (21.0.3+9-LTS, mixed mode, sharing, tiered, compressed oops, compressed class ptrs, g1 gc, windows-amd64)
GC Precious Log:
 CardTable entry size: 512
 Card Set container configuration: InlinePtr #cards 5 size 8 Array Of Cards #cards 12 size 40 Howl #buckets 4 coarsen threshold 1843 Howl Bitmap #cards 512 size 80 coarsen threshold 460 Card regions per heap region 1 cards per card region 2048
 CPUs: 4 total, 4 available
 Memory: 8072M
 Large Page Support: Disabled
 NUMA Support: Disabled
 Compressed Oops: Enabled (32-bit)
 Heap Region Size: 1M
 Heap Min Capacity: 8M
 Heap Initial Capacity: 128M
 Heap Max Capacity: 2020M
 Pre-touch: Disabled
 Parallel Workers: 4
 Concurrent Workers: 1
 Concurrent Refinement Workers: 4
 Periodic GC: Disabled
Heap:
 garbage-first heap   total 59392K, used 32333K [0x0000000081c00000, 0x0000000100000000)
  region size 1024K, 22 young (22528K), 4 survivors (4096K)
 Metaspace       used 14366K, committed 14592K, reserved 1114112K
  class space    used 2070K, committed 2176K, reserved 1048576K
GC Heap History (20 events):
Event: 1.171 GC heap before
{Heap before GC invocations=5 (full 1):
 garbage-first heap   total 75776K, used 17901K [0x0000000081c00000, 0x0000000100000000)
  region size 1024K, 14 young (14336K), 2 survivors (2048K)
 Metaspace       used 2245K, committed 2432K, reserved 1114112K
  class space    used 180K, committed 256K, reserved 1048576K
}
Event: 1.198 GC heap after
{Heap after GC invocations=6 (full 2):
 garbage-first heap   total 27648K, used 7638K [0x0000000081c00000, 0x0000000100000000)
  region size 1024K, 0 young (0K), 0 survivors (0K)
 Metaspace       used 2245K, committed 2432K, reserved 1114112K
  class space    used 180K, committed 256K, reserved 1048576K
}
Event: 1.908 GC heap before
{Heap before GC invocations=6 (full 2):
 garbage-first heap   total 27648K, used 13782K [0x0000000081c00000, 0x0000000100000000)
  region size 1024K, 7 young (7168K), 0 survivors (0K)
 Metaspace       used 2958K, committed 3200K, reserved 1114112K
  class space    used 257K, committed 384K, reserved 1048576K
}
Event: 1.928 GC heap after
{Heap after GC invocations=7 (full 3):
 garbage-first heap   total 27648K, used 9581K [0x0000000081c00000, 0x0000000100000000)
  region size 1024K, 0 young (0K), 0 survivors (0K)
 Metaspace       used 2958K, committed 3200K, reserved 1114112K
  class space    used 257K, committed 384K, reserved 1048576K
}
Event: 2.042 GC heap before
{Heap before GC invocations=7 (full 3):
 garbage-first heap   total 27648K, used 10605K [0x0000000081c00000, 0x0000000100000000)
  region size 1024K, 2 young (2048K), 0 survivors (0K)
 Metaspace       used 2981K, committed 3200K, reserved 1114112K
  class space    used 257K, committed 384K, reserved 1048576K
}
Event: 2.059 GC heap after
{Heap after GC invocations=8 (full 4):
 garbage-first heap   total 27648K, used 8982K [0x0000000081c00000, 0x0000000100000000)
  region size 1024K, 0 young (0K), 0 survivors (0K)
 Metaspace       used 2981K, committed 3200K, reserved 1114112K
  class space    used 257K, committed 384K, reserved 1048576K
}
Event: 2.143 GC heap before
{Heap before GC invocations=8 (full 4):
 garbage-first heap   total 27648K, used 8982K [0x0000000081c00000, 0x0000000100000000)
  region size 1024K, 1 young (1024K), 0 survivors (0K)
 Metaspace       used 3165K, committed 3392K, reserved 1114112K
  class space    used 273K, committed 384K, reserved 1048576K
}
Event: 2.158 GC heap after
{Heap after GC invocations=9 (full 5):
 garbage-first heap   total 27648K, used 8763K [0x0000000081c00000, 0x0000000100000000)
  region size 1024K, 0 young (0K), 0 survivors (0K)
 Metaspace       used 3165K, committed 3392K, reserved 1114112K
  class space    used 273K, committed 384K, reserved 1048576K
}
Event: 2.888 GC heap before
{Heap before GC invocations=9 (full 5):
 garbage-first heap   total 27648K, used 20027K [0x0000000081c00000, 0x0000000100000000)
  region size 1024K, 12 young (12288K), 0 survivors (0K)
 Metaspace       used 7766K, committed 8064K, reserved 1114112K
  class space    used 857K, committed 1024K, reserved 1048576K
}
Event: 2.892 GC heap after
{Heap after GC invocations=10 (full 5):
 garbage-first heap   total 27648K, used 10356K [0x0000000081c00000, 0x0000000100000000)
  region size 1024K, 2 young (2048K), 2 survivors (2048K)
 Metaspace       used 7766K, committed 8064K, reserved 1114112K
  class space    used 857K, committed 1024K, reserved 1048576K
}
Event: 3.324 GC heap before
{Heap before GC invocations=10 (full 5):
 garbage-first heap   total 27648K, used 20596K [0x0000000081c00000, 0x0000000100000000)
  region size 1024K, 12 young (12288K), 2 survivors (2048K)
 Metaspace       used 9264K, committed 9600K, reserved 1114112K
  class space    used 1057K, committed 1216K, reserved 1048576K
}
Event: 3.330 GC heap after
{Heap after GC invocations=11 (full 5):
 garbage-first heap   total 27648K, used 11071K [0x0000000081c00000, 0x0000000100000000)
  region size 1024K, 1 young (1024K), 1 survivors (1024K)
 Metaspace       used 9264K, committed 9600K, reserved 1114112K
  class space    used 1057K, committed 1216K, reserved 1048576K
}
Event: 3.632 GC heap before
{Heap before GC invocations=11 (full 5):
 garbage-first heap   total 27648K, used 21311K [0x0000000081c00000, 0x0000000100000000)
  region size 1024K, 11 young (11264K), 1 survivors (1024K)
 Metaspace       used 10118K, committed 10368K, reserved 1114112K
  class space    used 1198K, committed 1344K, reserved 1048576K
}
Event: 3.635 GC heap after
{Heap after GC invocations=12 (full 5):
 garbage-first heap   total 27648K, used 11532K [0x0000000081c00000, 0x0000000100000000)
  region size 1024K, 2 young (2048K), 2 survivors (2048K)
 Metaspace       used 10118K, committed 10368K, reserved 1114112K
  class space    used 1198K, committed 1344K, reserved 1048576K
}
Event: 3.889 GC heap before
{Heap before GC invocations=12 (full 5):
 garbage-first heap   total 27648K, used 20748K [0x0000000081c00000, 0x0000000100000000)
  region size 1024K, 11 young (11264K), 2 survivors (2048K)
 Metaspace       used 11012K, committed 11392K, reserved 1114112K
  class space    used 1381K, committed 1536K, reserved 1048576K
}
Event: 3.893 GC heap after
{Heap after GC invocations=13 (full 5):
 garbage-first heap   total 27648K, used 12192K [0x0000000081c00000, 0x0000000100000000)
  region size 1024K, 2 young (2048K), 2 survivors (2048K)
 Metaspace       used 11012K, committed 11392K, reserved 1114112K
  class space    used 1381K, committed 1536K, reserved 1048576K
}
Event: 4.034 GC heap before
{Heap before GC invocations=13 (full 5):
 garbage-first heap   total 27648K, used 20384K [0x0000000081c00000, 0x0000000100000000)
  region size 1024K, 10 young (10240K), 2 survivors (2048K)
 Metaspace       used 11444K, committed 11776K, reserved 1114112K
  class space    used 1457K, committed 1600K, reserved 1048576K
}
Event: 4.038 GC heap after
{Heap after GC invocations=14 (full 5):
 garbage-first heap   total 79872K, used 12661K [0x0000000081c00000, 0x0000000100000000)
  region size 1024K, 2 young (2048K), 2 survivors (2048K)
 Metaspace       used 11444K, committed 11776K, reserved 1114112K
  class space    used 1457K, committed 1600K, reserved 1048576K
}
Event: 4.695 GC heap before
{Heap before GC invocations=15 (full 5):
 garbage-first heap   total 55296K, used 52597K [0x0000000081c00000, 0x0000000100000000)
  region size 1024K, 41 young (41984K), 2 survivors (2048K)
 Metaspace       used 13516K, committed 13824K, reserved 1114112K
  class space    used 1900K, committed 2048K, reserved 1048576K
}
Event: 4.700 GC heap after
{Heap after GC invocations=16 (full 5):
 garbage-first heap   total 59392K, used 14925K [0x0000000081c00000, 0x0000000100000000)
  region size 1024K, 4 young (4096K), 4 survivors (4096K)
 Metaspace       used 13516K, committed 13824K, reserved 1114112K
  class space    used 1900K, committed 2048K, reserved 1048576K
}

